[2026-02-08T08:39:57.981+0000] {taskinstance.py:1956} INFO - Dependencies all met for dep_context=non-requeueable deps ti=<TaskInstance: airflow_dbt_spotify_pipeline.dbt_test_staging_data manual__2026-02-08T08:39:49.496809+00:00 [queued]>
[2026-02-08T08:39:57.987+0000] {taskinstance.py:1956} INFO - Dependencies all met for dep_context=requeueable deps ti=<TaskInstance: airflow_dbt_spotify_pipeline.dbt_test_staging_data manual__2026-02-08T08:39:49.496809+00:00 [queued]>
[2026-02-08T08:39:57.987+0000] {taskinstance.py:2170} INFO - Starting attempt 1 of 1
[2026-02-08T08:39:57.993+0000] {taskinstance.py:2191} INFO - Executing <Task(BashOperator): dbt_test_staging_data> on 2026-02-08 08:39:49.496809+00:00
[2026-02-08T08:39:57.996+0000] {standard_task_runner.py:60} INFO - Started process 3719 to run task
[2026-02-08T08:39:57.999+0000] {standard_task_runner.py:87} INFO - Running: ['***', 'tasks', 'run', '***_dbt_spotify_pipeline', 'dbt_test_staging_data', 'manual__2026-02-08T08:39:49.496809+00:00', '--job-id', '145', '--raw', '--subdir', 'DAGS_FOLDER/sportify_pipeline_dag.py', '--cfg-path', '/tmp/tmpsn9a2_ni']
[2026-02-08T08:39:58.000+0000] {standard_task_runner.py:88} INFO - Job 145: Subtask dbt_test_staging_data
[2026-02-08T08:39:58.027+0000] {task_command.py:423} INFO - Running <TaskInstance: airflow_dbt_spotify_pipeline.dbt_test_staging_data manual__2026-02-08T08:39:49.496809+00:00 [running]> on host 359fb843449d
[2026-02-08T08:39:58.066+0000] {taskinstance.py:2480} INFO - Exporting env vars: AIRFLOW_CTX_DAG_OWNER='***' AIRFLOW_CTX_DAG_ID='***_dbt_spotify_pipeline' AIRFLOW_CTX_TASK_ID='dbt_test_staging_data' AIRFLOW_CTX_EXECUTION_DATE='2026-02-08T08:39:49.496809+00:00' AIRFLOW_CTX_TRY_NUMBER='1' AIRFLOW_CTX_DAG_RUN_ID='manual__2026-02-08T08:39:49.496809+00:00'
[2026-02-08T08:39:58.067+0000] {subprocess.py:63} INFO - Tmp dir root location: /tmp
[2026-02-08T08:39:58.068+0000] {subprocess.py:75} INFO - Running command: ['/usr/bin/bash', '-c', 'dbt test --select source:* --target dev']
[2026-02-08T08:39:58.074+0000] {subprocess.py:86} INFO - Output:
[2026-02-08T08:39:58.945+0000] {subprocess.py:93} INFO - [0m08:39:58  Running with dbt=1.11.3
[2026-02-08T08:39:58.948+0000] {subprocess.py:93} INFO - [0m08:39:58  Encountered an error:
[2026-02-08T08:39:58.948+0000] {subprocess.py:93} INFO - Runtime Error
[2026-02-08T08:39:58.948+0000] {subprocess.py:93} INFO -   Could not find profile named 'spotify_dbt_data_pipeline'
[2026-02-08T08:40:00.574+0000] {subprocess.py:97} INFO - Command exited with return code 2
[2026-02-08T08:40:00.586+0000] {taskinstance.py:2698} ERROR - Task failed with exception
Traceback (most recent call last):
  File "/home/airflow/.local/lib/python3.10/site-packages/airflow/models/taskinstance.py", line 433, in _execute_task
    result = execute_callable(context=context, **execute_callable_kwargs)
  File "/home/airflow/.local/lib/python3.10/site-packages/airflow/operators/bash.py", line 212, in execute
    raise AirflowException(
airflow.exceptions.AirflowException: Bash command failed. The command returned a non-zero exit code 2.
[2026-02-08T08:40:00.588+0000] {taskinstance.py:1138} INFO - Marking task as FAILED. dag_id=***_dbt_spotify_pipeline, task_id=dbt_test_staging_data, execution_date=20260208T083949, start_date=20260208T083957, end_date=20260208T084000
[2026-02-08T08:40:00.595+0000] {standard_task_runner.py:107} ERROR - Failed to execute job 145 for task dbt_test_staging_data (Bash command failed. The command returned a non-zero exit code 2.; 3719)
[2026-02-08T08:40:00.629+0000] {local_task_job_runner.py:234} INFO - Task exited with return code 1
[2026-02-08T08:40:00.643+0000] {taskinstance.py:3280} INFO - 1 downstream tasks scheduled from follow-on schedule check
