[2026-02-08T08:50:38.943+0000] {taskinstance.py:1956} INFO - Dependencies all met for dep_context=non-requeueable deps ti=<TaskInstance: airflow_dbt_spotify_pipeline.dbt_test_staging_data manual__2026-02-08T08:50:30.924484+00:00 [queued]>
[2026-02-08T08:50:38.948+0000] {taskinstance.py:1956} INFO - Dependencies all met for dep_context=requeueable deps ti=<TaskInstance: airflow_dbt_spotify_pipeline.dbt_test_staging_data manual__2026-02-08T08:50:30.924484+00:00 [queued]>
[2026-02-08T08:50:38.948+0000] {taskinstance.py:2170} INFO - Starting attempt 1 of 1
[2026-02-08T08:50:38.953+0000] {taskinstance.py:2191} INFO - Executing <Task(BashOperator): dbt_test_staging_data> on 2026-02-08 08:50:30.924484+00:00
[2026-02-08T08:50:38.955+0000] {standard_task_runner.py:60} INFO - Started process 4081 to run task
[2026-02-08T08:50:38.957+0000] {standard_task_runner.py:87} INFO - Running: ['***', 'tasks', 'run', '***_dbt_spotify_pipeline', 'dbt_test_staging_data', 'manual__2026-02-08T08:50:30.924484+00:00', '--job-id', '152', '--raw', '--subdir', 'DAGS_FOLDER/sportify_pipeline_dag.py', '--cfg-path', '/tmp/tmpe2ws6f1t']
[2026-02-08T08:50:38.958+0000] {standard_task_runner.py:88} INFO - Job 152: Subtask dbt_test_staging_data
[2026-02-08T08:50:38.979+0000] {task_command.py:423} INFO - Running <TaskInstance: airflow_dbt_spotify_pipeline.dbt_test_staging_data manual__2026-02-08T08:50:30.924484+00:00 [running]> on host 359fb843449d
[2026-02-08T08:50:39.011+0000] {taskinstance.py:2480} INFO - Exporting env vars: AIRFLOW_CTX_DAG_OWNER='***' AIRFLOW_CTX_DAG_ID='***_dbt_spotify_pipeline' AIRFLOW_CTX_TASK_ID='dbt_test_staging_data' AIRFLOW_CTX_EXECUTION_DATE='2026-02-08T08:50:30.924484+00:00' AIRFLOW_CTX_TRY_NUMBER='1' AIRFLOW_CTX_DAG_RUN_ID='manual__2026-02-08T08:50:30.924484+00:00'
[2026-02-08T08:50:39.012+0000] {subprocess.py:63} INFO - Tmp dir root location: /tmp
[2026-02-08T08:50:39.013+0000] {subprocess.py:75} INFO - Running command: ['/usr/bin/bash', '-c', 'dbt test --select source:* --target dev']
[2026-02-08T08:50:39.017+0000] {subprocess.py:86} INFO - Output:
[2026-02-08T08:50:39.745+0000] {subprocess.py:93} INFO - Usage: dbt test [OPTIONS]
[2026-02-08T08:50:39.746+0000] {subprocess.py:93} INFO - Try 'dbt test -h' for help.
[2026-02-08T08:50:39.746+0000] {subprocess.py:93} INFO - 
[2026-02-08T08:50:39.746+0000] {subprocess.py:93} INFO - Error: Invalid value for '--profiles-dir': Path 'home/***/.dbt' does not exist.
[2026-02-08T08:50:39.838+0000] {subprocess.py:97} INFO - Command exited with return code 2
[2026-02-08T08:50:39.845+0000] {taskinstance.py:2698} ERROR - Task failed with exception
Traceback (most recent call last):
  File "/home/airflow/.local/lib/python3.10/site-packages/airflow/models/taskinstance.py", line 433, in _execute_task
    result = execute_callable(context=context, **execute_callable_kwargs)
  File "/home/airflow/.local/lib/python3.10/site-packages/airflow/operators/bash.py", line 212, in execute
    raise AirflowException(
airflow.exceptions.AirflowException: Bash command failed. The command returned a non-zero exit code 2.
[2026-02-08T08:50:39.846+0000] {taskinstance.py:1138} INFO - Marking task as FAILED. dag_id=***_dbt_spotify_pipeline, task_id=dbt_test_staging_data, execution_date=20260208T085030, start_date=20260208T085038, end_date=20260208T085039
[2026-02-08T08:50:39.853+0000] {standard_task_runner.py:107} ERROR - Failed to execute job 152 for task dbt_test_staging_data (Bash command failed. The command returned a non-zero exit code 2.; 4081)
[2026-02-08T08:50:39.895+0000] {local_task_job_runner.py:234} INFO - Task exited with return code 1
[2026-02-08T08:50:39.906+0000] {taskinstance.py:3280} INFO - 1 downstream tasks scheduled from follow-on schedule check
