[2026-02-08T13:03:53.949+0000] {taskinstance.py:1956} INFO - Dependencies all met for dep_context=non-requeueable deps ti=<TaskInstance: airflow_dbt_spotify_pipeline.dbt_test_staging_data manual__2026-02-08T13:02:43.843991+00:00 [queued]>
[2026-02-08T13:03:53.954+0000] {taskinstance.py:1956} INFO - Dependencies all met for dep_context=requeueable deps ti=<TaskInstance: airflow_dbt_spotify_pipeline.dbt_test_staging_data manual__2026-02-08T13:02:43.843991+00:00 [queued]>
[2026-02-08T13:03:53.954+0000] {taskinstance.py:2170} INFO - Starting attempt 2 of 2
[2026-02-08T13:03:53.962+0000] {taskinstance.py:2191} INFO - Executing <Task(BashOperator): dbt_test_staging_data> on 2026-02-08 13:02:43.843991+00:00
[2026-02-08T13:03:53.965+0000] {standard_task_runner.py:60} INFO - Started process 550 to run task
[2026-02-08T13:03:53.968+0000] {standard_task_runner.py:87} INFO - Running: ['***', 'tasks', 'run', '***_dbt_spotify_pipeline', 'dbt_test_staging_data', 'manual__2026-02-08T13:02:43.843991+00:00', '--job-id', '360', '--raw', '--subdir', 'DAGS_FOLDER/sportify_pipeline_dag.py', '--cfg-path', '/tmp/tmp9ni456mt']
[2026-02-08T13:03:53.970+0000] {standard_task_runner.py:88} INFO - Job 360: Subtask dbt_test_staging_data
[2026-02-08T13:03:54.002+0000] {task_command.py:423} INFO - Running <TaskInstance: airflow_dbt_spotify_pipeline.dbt_test_staging_data manual__2026-02-08T13:02:43.843991+00:00 [running]> on host 3343c7c174ef
[2026-02-08T13:03:54.060+0000] {taskinstance.py:2480} INFO - Exporting env vars: AIRFLOW_CTX_DAG_EMAIL='edison@inkomoko.com' AIRFLOW_CTX_DAG_OWNER='INKOMOKO' AIRFLOW_CTX_DAG_ID='***_dbt_spotify_pipeline' AIRFLOW_CTX_TASK_ID='dbt_test_staging_data' AIRFLOW_CTX_EXECUTION_DATE='2026-02-08T13:02:43.843991+00:00' AIRFLOW_CTX_TRY_NUMBER='2' AIRFLOW_CTX_DAG_RUN_ID='manual__2026-02-08T13:02:43.843991+00:00'
[2026-02-08T13:03:54.062+0000] {subprocess.py:63} INFO - Tmp dir root location: /tmp
[2026-02-08T13:03:54.062+0000] {subprocess.py:75} INFO - Running command: ['/usr/bin/bash', '-c', 'dbt test --select source:* --target dev']
[2026-02-08T13:03:54.068+0000] {subprocess.py:86} INFO - Output:
[2026-02-08T13:03:54.911+0000] {subprocess.py:93} INFO - [0m13:03:54  Running with dbt=1.11.3
[2026-02-08T13:03:54.914+0000] {subprocess.py:93} INFO - [0m13:03:54  Encountered an error:
[2026-02-08T13:03:54.914+0000] {subprocess.py:93} INFO - Parsing Error
[2026-02-08T13:03:54.914+0000] {subprocess.py:93} INFO -   Env var required but not provided: 'POSTGRES_DW_DB'
[2026-02-08T13:03:55.047+0000] {subprocess.py:97} INFO - Command exited with return code 2
[2026-02-08T13:03:55.054+0000] {taskinstance.py:2698} ERROR - Task failed with exception
Traceback (most recent call last):
  File "/home/airflow/.local/lib/python3.10/site-packages/airflow/models/taskinstance.py", line 433, in _execute_task
    result = execute_callable(context=context, **execute_callable_kwargs)
  File "/home/airflow/.local/lib/python3.10/site-packages/airflow/operators/bash.py", line 212, in execute
    raise AirflowException(
airflow.exceptions.AirflowException: Bash command failed. The command returned a non-zero exit code 2.
[2026-02-08T13:03:55.056+0000] {taskinstance.py:1138} INFO - Marking task as FAILED. dag_id=***_dbt_spotify_pipeline, task_id=dbt_test_staging_data, execution_date=20260208T130243, start_date=20260208T130353, end_date=20260208T130355
[2026-02-08T13:03:55.068+0000] {logging_mixin.py:188} WARNING - /home/***/.local/lib/python3.10/site-packages/***/utils/email.py:154 RemovedInAirflow3Warning: Fetching SMTP credentials from configuration variables will be deprecated in a future release. Please set credentials using a connection instead.
[2026-02-08T13:03:55.069+0000] {email.py:270} INFO - Email alerting: attempt 1
[2026-02-08T13:04:04.983+0000] {email.py:270} INFO - Email alerting: attempt 1
[2026-02-08T13:04:14.565+0000] {taskinstance.py:826} ERROR - Failed to send email to: ['edison@inkomoko.com']
Traceback (most recent call last):
  File "/home/airflow/.local/lib/python3.10/site-packages/airflow/models/taskinstance.py", line 2334, in _run_raw_task
    self._execute_task_with_callbacks(context, test_mode, session=session)
  File "/home/airflow/.local/lib/python3.10/site-packages/airflow/models/taskinstance.py", line 2499, in _execute_task_with_callbacks
    result = self._execute_task(context, task_orig)
  File "/home/airflow/.local/lib/python3.10/site-packages/airflow/models/taskinstance.py", line 2516, in _execute_task
    return _execute_task(self, context, task_orig)
  File "/home/airflow/.local/lib/python3.10/site-packages/airflow/models/taskinstance.py", line 433, in _execute_task
    result = execute_callable(context=context, **execute_callable_kwargs)
  File "/home/airflow/.local/lib/python3.10/site-packages/airflow/operators/bash.py", line 212, in execute
    raise AirflowException(
airflow.exceptions.AirflowException: Bash command failed. The command returned a non-zero exit code 2.

During handling of the above exception, another exception occurred:

Traceback (most recent call last):
  File "/home/airflow/.local/lib/python3.10/site-packages/airflow/models/taskinstance.py", line 1000, in _email_alert
    send_email(task.email, subject, html_content)
  File "/home/airflow/.local/lib/python3.10/site-packages/airflow/utils/email.py", line 80, in send_email
    return backend(
  File "/home/airflow/.local/lib/python3.10/site-packages/airflow/utils/email.py", line 154, in send_email_smtp
    send_mime_email(e_from=mail_from, e_to=recipients, mime_msg=msg, conn_id=conn_id, dryrun=dryrun)
  File "/home/airflow/.local/lib/python3.10/site-packages/airflow/utils/email.py", line 280, in send_mime_email
    smtp_conn.login(smtp_user, smtp_password)
  File "/usr/local/lib/python3.10/smtplib.py", line 750, in login
    raise last_exception
  File "/usr/local/lib/python3.10/smtplib.py", line 739, in login
    (code, resp) = self.auth(
  File "/usr/local/lib/python3.10/smtplib.py", line 662, in auth
    raise SMTPAuthenticationError(code, resp)
smtplib.SMTPAuthenticationError: (535, b'5.7.8 Username and Password not accepted. For more information, go to\n5.7.8  https://support.google.com/mail/?p=BadCredentials ffacd0b85a97d-436296b2facsm20066301f8f.9 - gsmtp')

During handling of the above exception, another exception occurred:

Traceback (most recent call last):
  File "/home/airflow/.local/lib/python3.10/site-packages/airflow/models/taskinstance.py", line 824, in _handle_failure
    task_instance.email_alert(error, failure_context["task"])
  File "/home/airflow/.local/lib/python3.10/site-packages/airflow/models/taskinstance.py", line 2946, in email_alert
    _email_alert(task_instance=self, exception=exception, task=task)
  File "/home/airflow/.local/lib/python3.10/site-packages/airflow/models/taskinstance.py", line 1002, in _email_alert
    send_email(task.email, subject, html_content_err)
  File "/home/airflow/.local/lib/python3.10/site-packages/airflow/utils/email.py", line 80, in send_email
    return backend(
  File "/home/airflow/.local/lib/python3.10/site-packages/airflow/utils/email.py", line 154, in send_email_smtp
    send_mime_email(e_from=mail_from, e_to=recipients, mime_msg=msg, conn_id=conn_id, dryrun=dryrun)
  File "/home/airflow/.local/lib/python3.10/site-packages/airflow/utils/email.py", line 280, in send_mime_email
    smtp_conn.login(smtp_user, smtp_password)
  File "/usr/local/lib/python3.10/smtplib.py", line 750, in login
    raise last_exception
  File "/usr/local/lib/python3.10/smtplib.py", line 739, in login
    (code, resp) = self.auth(
  File "/usr/local/lib/python3.10/smtplib.py", line 662, in auth
    raise SMTPAuthenticationError(code, resp)
smtplib.SMTPAuthenticationError: (535, b'5.7.8 Username and Password not accepted. For more information, go to\n5.7.8  https://support.google.com/mail/?p=BadCredentials ffacd0b85a97d-43631c8d378sm13084947f8f.21 - gsmtp')
[2026-02-08T13:04:14.586+0000] {standard_task_runner.py:107} ERROR - Failed to execute job 360 for task dbt_test_staging_data (Bash command failed. The command returned a non-zero exit code 2.; 550)
[2026-02-08T13:04:14.605+0000] {local_task_job_runner.py:234} INFO - Task exited with return code 1
[2026-02-08T13:04:14.619+0000] {taskinstance.py:3280} INFO - 0 downstream tasks scheduled from follow-on schedule check
