[2026-02-08T09:25:39.621+0000] {taskinstance.py:1956} INFO - Dependencies all met for dep_context=non-requeueable deps ti=<TaskInstance: airflow_dbt_spotify_pipeline.dbt_test_staging_data manual__2026-02-08T09:25:30.901992+00:00 [queued]>
[2026-02-08T09:25:39.627+0000] {taskinstance.py:1956} INFO - Dependencies all met for dep_context=requeueable deps ti=<TaskInstance: airflow_dbt_spotify_pipeline.dbt_test_staging_data manual__2026-02-08T09:25:30.901992+00:00 [queued]>
[2026-02-08T09:25:39.627+0000] {taskinstance.py:2170} INFO - Starting attempt 1 of 1
[2026-02-08T09:25:39.633+0000] {taskinstance.py:2191} INFO - Executing <Task(BashOperator): dbt_test_staging_data> on 2026-02-08 09:25:30.901992+00:00
[2026-02-08T09:25:39.638+0000] {standard_task_runner.py:60} INFO - Started process 896 to run task
[2026-02-08T09:25:39.643+0000] {standard_task_runner.py:87} INFO - Running: ['***', 'tasks', 'run', '***_dbt_spotify_pipeline', 'dbt_test_staging_data', 'manual__2026-02-08T09:25:30.901992+00:00', '--job-id', '233', '--raw', '--subdir', 'DAGS_FOLDER/sportify_pipeline_dag.py', '--cfg-path', '/tmp/tmpkb0yq6ty']
[2026-02-08T09:25:39.645+0000] {standard_task_runner.py:88} INFO - Job 233: Subtask dbt_test_staging_data
[2026-02-08T09:25:39.669+0000] {task_command.py:423} INFO - Running <TaskInstance: airflow_dbt_spotify_pipeline.dbt_test_staging_data manual__2026-02-08T09:25:30.901992+00:00 [running]> on host 189f7e197985
[2026-02-08T09:25:39.702+0000] {taskinstance.py:2480} INFO - Exporting env vars: AIRFLOW_CTX_DAG_OWNER='***' AIRFLOW_CTX_DAG_ID='***_dbt_spotify_pipeline' AIRFLOW_CTX_TASK_ID='dbt_test_staging_data' AIRFLOW_CTX_EXECUTION_DATE='2026-02-08T09:25:30.901992+00:00' AIRFLOW_CTX_TRY_NUMBER='1' AIRFLOW_CTX_DAG_RUN_ID='manual__2026-02-08T09:25:30.901992+00:00'
[2026-02-08T09:25:39.703+0000] {subprocess.py:63} INFO - Tmp dir root location: /tmp
[2026-02-08T09:25:39.703+0000] {subprocess.py:75} INFO - Running command: ['/usr/bin/bash', '-c', 'dbt test --select source:* --target dev']
[2026-02-08T09:25:39.703+0000] {taskinstance.py:2698} ERROR - Task failed with exception
Traceback (most recent call last):
  File "/home/airflow/.local/lib/python3.10/site-packages/airflow/models/taskinstance.py", line 433, in _execute_task
    result = execute_callable(context=context, **execute_callable_kwargs)
  File "/home/airflow/.local/lib/python3.10/site-packages/airflow/operators/bash.py", line 203, in execute
    result = self.subprocess_hook.run_command(
  File "/home/airflow/.local/lib/python3.10/site-packages/airflow/hooks/subprocess.py", line 77, in run_command
    self.sub_process = Popen(
  File "/usr/local/lib/python3.10/subprocess.py", line 971, in __init__
    self._execute_child(args, executable, preexec_fn, close_fds,
  File "/usr/local/lib/python3.10/subprocess.py", line 1783, in _execute_child
    env_list.append(k + b'=' + os.fsencode(v))
  File "/usr/local/lib/python3.10/os.py", line 811, in fsencode
    filename = fspath(filename)  # Does type-checking of `filename`.
TypeError: expected str, bytes or os.PathLike object, not NoneType
[2026-02-08T09:25:39.707+0000] {taskinstance.py:1138} INFO - Marking task as FAILED. dag_id=***_dbt_spotify_pipeline, task_id=dbt_test_staging_data, execution_date=20260208T092530, start_date=20260208T092539, end_date=20260208T092539
[2026-02-08T09:25:39.711+0000] {standard_task_runner.py:107} ERROR - Failed to execute job 233 for task dbt_test_staging_data (expected str, bytes or os.PathLike object, not NoneType; 896)
[2026-02-08T09:25:39.735+0000] {local_task_job_runner.py:234} INFO - Task exited with return code 1
[2026-02-08T09:25:39.748+0000] {taskinstance.py:3280} INFO - 0 downstream tasks scheduled from follow-on schedule check
