[2026-02-07T14:11:15.677+0000] {taskinstance.py:1956} INFO - Dependencies all met for dep_context=non-requeueable deps ti=<TaskInstance: airflow_dbt_spotify_pipeline.ingest_spotify_data_to_minio manual__2026-02-07T14:11:13.480204+00:00 [queued]>
[2026-02-07T14:11:15.681+0000] {taskinstance.py:1956} INFO - Dependencies all met for dep_context=requeueable deps ti=<TaskInstance: airflow_dbt_spotify_pipeline.ingest_spotify_data_to_minio manual__2026-02-07T14:11:13.480204+00:00 [queued]>
[2026-02-07T14:11:15.681+0000] {taskinstance.py:2170} INFO - Starting attempt 1 of 1
[2026-02-07T14:11:15.687+0000] {taskinstance.py:2191} INFO - Executing <Task(_PythonDecoratedOperator): ingest_spotify_data_to_minio> on 2026-02-07 14:11:13.480204+00:00
[2026-02-07T14:11:15.692+0000] {standard_task_runner.py:60} INFO - Started process 6283 to run task
[2026-02-07T14:11:15.694+0000] {standard_task_runner.py:87} INFO - Running: ['***', 'tasks', 'run', '***_dbt_spotify_pipeline', 'ingest_spotify_data_to_minio', 'manual__2026-02-07T14:11:13.480204+00:00', '--job-id', '23', '--raw', '--subdir', 'DAGS_FOLDER/sportify_pipeline_dag.py', '--cfg-path', '/tmp/tmp9vuuyrx4']
[2026-02-07T14:11:15.696+0000] {standard_task_runner.py:88} INFO - Job 23: Subtask ingest_spotify_data_to_minio
[2026-02-07T14:11:15.726+0000] {task_command.py:423} INFO - Running <TaskInstance: airflow_dbt_spotify_pipeline.ingest_spotify_data_to_minio manual__2026-02-07T14:11:13.480204+00:00 [running]> on host 47d76e1ca2e6
[2026-02-07T14:11:15.790+0000] {taskinstance.py:2480} INFO - Exporting env vars: AIRFLOW_CTX_DAG_OWNER='***' AIRFLOW_CTX_DAG_ID='***_dbt_spotify_pipeline' AIRFLOW_CTX_TASK_ID='ingest_spotify_data_to_minio' AIRFLOW_CTX_EXECUTION_DATE='2026-02-07T14:11:13.480204+00:00' AIRFLOW_CTX_TRY_NUMBER='1' AIRFLOW_CTX_DAG_RUN_ID='manual__2026-02-07T14:11:13.480204+00:00'
[2026-02-07T14:11:15.791+0000] {extract_spotify_data.py:40} ERROR - Error occured while reading stotify ids json file: [Errno 2] No such file or directory: '/opt/***/dags/spotify_ids.json'
[2026-02-07T14:11:15.792+0000] {sportify_pipeline_dag.py:118} CRITICAL - Unexpected error in main workflow: Error occured while reading stotify ids json file
[2026-02-07T14:11:15.792+0000] {python.py:201} INFO - Done. Returned value was: Unexpected error in main workflow
[2026-02-07T14:11:15.796+0000] {xcom.py:664} ERROR - Object of type Exception is not JSON serializable. If you are using pickle instead of JSON for XCom, then you need to enable pickle support for XCom in your *** config or make sure to decorate your object with attr.
[2026-02-07T14:11:15.797+0000] {taskinstance.py:2698} ERROR - Task failed with exception
Traceback (most recent call last):
  File "/home/airflow/.local/lib/python3.10/site-packages/airflow/utils/json.py", line 91, in default
    return serialize(o)
  File "/home/airflow/.local/lib/python3.10/site-packages/airflow/serialization/serde.py", line 180, in serialize
    raise TypeError(f"cannot serialize object of type {cls}")
TypeError: cannot serialize object of type <class 'Exception'>

During handling of the above exception, another exception occurred:

Traceback (most recent call last):
  File "/home/airflow/.local/lib/python3.10/site-packages/airflow/models/taskinstance.py", line 440, in _execute_task
    task_instance.xcom_push(key=XCOM_RETURN_KEY, value=xcom_value, session=session)
  File "/home/airflow/.local/lib/python3.10/site-packages/airflow/utils/session.py", line 76, in wrapper
    return func(*args, **kwargs)
  File "/home/airflow/.local/lib/python3.10/site-packages/airflow/models/taskinstance.py", line 2980, in xcom_push
    XCom.set(
  File "/home/airflow/.local/lib/python3.10/site-packages/airflow/utils/session.py", line 76, in wrapper
    return func(*args, **kwargs)
  File "/home/airflow/.local/lib/python3.10/site-packages/airflow/models/xcom.py", line 247, in set
    value = cls.serialize_value(
  File "/home/airflow/.local/lib/python3.10/site-packages/airflow/models/xcom.py", line 662, in serialize_value
    return json.dumps(value, cls=XComEncoder).encode("UTF-8")
  File "/usr/local/lib/python3.10/json/__init__.py", line 238, in dumps
    **kw).encode(obj)
  File "/home/airflow/.local/lib/python3.10/site-packages/airflow/utils/json.py", line 104, in encode
    return super().encode(o)
  File "/usr/local/lib/python3.10/json/encoder.py", line 199, in encode
    chunks = self.iterencode(o, _one_shot=True)
  File "/usr/local/lib/python3.10/json/encoder.py", line 257, in iterencode
    return _iterencode(o, 0)
  File "/home/airflow/.local/lib/python3.10/site-packages/airflow/utils/json.py", line 93, in default
    return super().default(o)
  File "/usr/local/lib/python3.10/json/encoder.py", line 179, in default
    raise TypeError(f'Object of type {o.__class__.__name__} '
TypeError: Object of type Exception is not JSON serializable
[2026-02-07T14:11:15.807+0000] {taskinstance.py:1138} INFO - Marking task as FAILED. dag_id=***_dbt_spotify_pipeline, task_id=ingest_spotify_data_to_minio, execution_date=20260207T141113, start_date=20260207T141115, end_date=20260207T141115
[2026-02-07T14:11:15.812+0000] {standard_task_runner.py:107} ERROR - Failed to execute job 23 for task ingest_spotify_data_to_minio (Object of type Exception is not JSON serializable; 6283)
[2026-02-07T14:11:15.834+0000] {local_task_job_runner.py:234} INFO - Task exited with return code 1
[2026-02-07T14:11:15.845+0000] {taskinstance.py:3280} INFO - 0 downstream tasks scheduled from follow-on schedule check
