[2026-02-08T08:50:40.652+0000] {taskinstance.py:1956} INFO - Dependencies all met for dep_context=non-requeueable deps ti=<TaskInstance: airflow_dbt_spotify_pipeline.modelling manual__2026-02-08T08:50:30.924484+00:00 [queued]>
[2026-02-08T08:50:40.656+0000] {taskinstance.py:1956} INFO - Dependencies all met for dep_context=requeueable deps ti=<TaskInstance: airflow_dbt_spotify_pipeline.modelling manual__2026-02-08T08:50:30.924484+00:00 [queued]>
[2026-02-08T08:50:40.656+0000] {taskinstance.py:2170} INFO - Starting attempt 1 of 1
[2026-02-08T08:50:40.662+0000] {taskinstance.py:2191} INFO - Executing <Task(BashOperator): modelling> on 2026-02-08 08:50:30.924484+00:00
[2026-02-08T08:50:40.664+0000] {standard_task_runner.py:60} INFO - Started process 4089 to run task
[2026-02-08T08:50:40.666+0000] {standard_task_runner.py:87} INFO - Running: ['***', 'tasks', 'run', '***_dbt_spotify_pipeline', 'modelling', 'manual__2026-02-08T08:50:30.924484+00:00', '--job-id', '153', '--raw', '--subdir', 'DAGS_FOLDER/sportify_pipeline_dag.py', '--cfg-path', '/tmp/tmpa09_egzf']
[2026-02-08T08:50:40.667+0000] {standard_task_runner.py:88} INFO - Job 153: Subtask modelling
[2026-02-08T08:50:40.689+0000] {task_command.py:423} INFO - Running <TaskInstance: airflow_dbt_spotify_pipeline.modelling manual__2026-02-08T08:50:30.924484+00:00 [running]> on host 359fb843449d
[2026-02-08T08:50:40.723+0000] {taskinstance.py:2480} INFO - Exporting env vars: AIRFLOW_CTX_DAG_OWNER='***' AIRFLOW_CTX_DAG_ID='***_dbt_spotify_pipeline' AIRFLOW_CTX_TASK_ID='modelling' AIRFLOW_CTX_EXECUTION_DATE='2026-02-08T08:50:30.924484+00:00' AIRFLOW_CTX_TRY_NUMBER='1' AIRFLOW_CTX_DAG_RUN_ID='manual__2026-02-08T08:50:30.924484+00:00'
[2026-02-08T08:50:40.724+0000] {subprocess.py:63} INFO - Tmp dir root location: /tmp
[2026-02-08T08:50:40.724+0000] {subprocess.py:75} INFO - Running command: ['/usr/bin/bash', '-c', 'dbt deps && dbt run --select path:models --target dev']
[2026-02-08T08:50:40.728+0000] {subprocess.py:86} INFO - Output:
[2026-02-08T08:50:41.485+0000] {subprocess.py:93} INFO - [0m08:50:41  Running with dbt=1.11.3
[2026-02-08T08:50:42.274+0000] {subprocess.py:93} INFO - [0m08:50:42  Installing dbt-labs/dbt_utils
[2026-02-08T08:50:43.501+0000] {subprocess.py:93} INFO - [0m08:50:43  Installed from version 1.1.1
[2026-02-08T08:50:43.502+0000] {subprocess.py:93} INFO - [0m08:50:43  Updated version available: 1.3.3
[2026-02-08T08:50:43.503+0000] {subprocess.py:93} INFO - [0m08:50:43
[2026-02-08T08:50:43.504+0000] {subprocess.py:93} INFO - [0m08:50:43  Updates available for packages: ['dbt-labs/dbt_utils']
[2026-02-08T08:50:43.505+0000] {subprocess.py:93} INFO - Update your versions in packages.yml, then run dbt deps
[2026-02-08T08:50:45.707+0000] {subprocess.py:93} INFO - [0m08:50:45  Running with dbt=1.11.3
[2026-02-08T08:50:45.710+0000] {subprocess.py:93} INFO - [0m08:50:45  Encountered an error:
[2026-02-08T08:50:45.710+0000] {subprocess.py:93} INFO - Runtime Error
[2026-02-08T08:50:45.710+0000] {subprocess.py:93} INFO -   Could not find profile named 'spotify_dbt_data_pipeline'
[2026-02-08T08:50:46.954+0000] {subprocess.py:97} INFO - Command exited with return code 2
[2026-02-08T08:50:46.965+0000] {taskinstance.py:2698} ERROR - Task failed with exception
Traceback (most recent call last):
  File "/home/airflow/.local/lib/python3.10/site-packages/airflow/models/taskinstance.py", line 433, in _execute_task
    result = execute_callable(context=context, **execute_callable_kwargs)
  File "/home/airflow/.local/lib/python3.10/site-packages/airflow/operators/bash.py", line 212, in execute
    raise AirflowException(
airflow.exceptions.AirflowException: Bash command failed. The command returned a non-zero exit code 2.
[2026-02-08T08:50:46.967+0000] {taskinstance.py:1138} INFO - Marking task as FAILED. dag_id=***_dbt_spotify_pipeline, task_id=modelling, execution_date=20260208T085030, start_date=20260208T085040, end_date=20260208T085046
[2026-02-08T08:50:46.974+0000] {standard_task_runner.py:107} ERROR - Failed to execute job 153 for task modelling (Bash command failed. The command returned a non-zero exit code 2.; 4089)
[2026-02-08T08:50:47.017+0000] {local_task_job_runner.py:234} INFO - Task exited with return code 1
[2026-02-08T08:50:47.028+0000] {taskinstance.py:3280} INFO - 0 downstream tasks scheduled from follow-on schedule check
