[2026-02-08T10:58:12.348+0000] {taskinstance.py:1956} INFO - Dependencies all met for dep_context=non-requeueable deps ti=<TaskInstance: airflow_dbt_spotify_pipeline.prepare_staging_data manual__2026-02-08T10:57:08.054922+00:00 [queued]>
[2026-02-08T10:58:12.352+0000] {taskinstance.py:1956} INFO - Dependencies all met for dep_context=requeueable deps ti=<TaskInstance: airflow_dbt_spotify_pipeline.prepare_staging_data manual__2026-02-08T10:57:08.054922+00:00 [queued]>
[2026-02-08T10:58:12.352+0000] {taskinstance.py:2170} INFO - Starting attempt 2 of 2
[2026-02-08T10:58:12.357+0000] {taskinstance.py:2191} INFO - Executing <Task(_PythonDecoratedOperator): prepare_staging_data> on 2026-02-08 10:57:08.054922+00:00
[2026-02-08T10:58:12.360+0000] {standard_task_runner.py:60} INFO - Started process 2595 to run task
[2026-02-08T10:58:12.363+0000] {standard_task_runner.py:87} INFO - Running: ['***', 'tasks', 'run', '***_dbt_spotify_pipeline', 'prepare_staging_data', 'manual__2026-02-08T10:57:08.054922+00:00', '--job-id', '290', '--raw', '--subdir', 'DAGS_FOLDER/sportify_pipeline_dag.py', '--cfg-path', '/tmp/tmpcfazahls']
[2026-02-08T10:58:12.365+0000] {standard_task_runner.py:88} INFO - Job 290: Subtask prepare_staging_data
[2026-02-08T10:58:12.390+0000] {task_command.py:423} INFO - Running <TaskInstance: airflow_dbt_spotify_pipeline.prepare_staging_data manual__2026-02-08T10:57:08.054922+00:00 [running]> on host 63d90b64f023
[2026-02-08T10:58:12.425+0000] {taskinstance.py:2480} INFO - Exporting env vars: AIRFLOW_CTX_DAG_EMAIL='edison@inkomoko.com' AIRFLOW_CTX_DAG_OWNER='INKOMOKO' AIRFLOW_CTX_DAG_ID='***_dbt_spotify_pipeline' AIRFLOW_CTX_TASK_ID='prepare_staging_data' AIRFLOW_CTX_EXECUTION_DATE='2026-02-08T10:57:08.054922+00:00' AIRFLOW_CTX_TRY_NUMBER='2' AIRFLOW_CTX_DAG_RUN_ID='manual__2026-02-08T10:57:08.054922+00:00'
[2026-02-08T10:58:12.642+0000] {sportify_pipeline_dag.py:180} INFO - Processing object: spotify_data/tracks/tracks_2026-02-08.json
[2026-02-08T10:58:12.652+0000] {sportify_pipeline_dag.py:206} ERROR - Error processing Spotify data: validate_source_data() missing 1 required positional argument: 'object_key'
[2026-02-08T10:58:12.652+0000] {taskinstance.py:2698} ERROR - Task failed with exception
Traceback (most recent call last):
  File "/home/airflow/.local/lib/python3.10/site-packages/airflow/models/taskinstance.py", line 433, in _execute_task
    result = execute_callable(context=context, **execute_callable_kwargs)
  File "/home/airflow/.local/lib/python3.10/site-packages/airflow/decorators/base.py", line 241, in execute
    return_value = super().execute(context)
  File "/home/airflow/.local/lib/python3.10/site-packages/airflow/operators/python.py", line 199, in execute
    return_value = self.execute_callable()
  File "/home/airflow/.local/lib/python3.10/site-packages/airflow/operators/python.py", line 216, in execute_callable
    return self.python_callable(*self.op_args, **self.op_kwargs)
  File "/opt/airflow/dags/sportify_pipeline_dag.py", line 196, in prepare_staging_data
    transformed_artists_data, transformed_albums_data, transformed_tracks_data = transform_tracks_data(
  File "/opt/airflow/dags/include/transformation/prepare_spotify_data.py", line 13, in transform_tracks_data
    validation_result = validate_source_data(data)
TypeError: validate_source_data() missing 1 required positional argument: 'object_key'
[2026-02-08T10:58:12.658+0000] {taskinstance.py:1138} INFO - Marking task as FAILED. dag_id=***_dbt_spotify_pipeline, task_id=prepare_staging_data, execution_date=20260208T105708, start_date=20260208T105812, end_date=20260208T105812
[2026-02-08T10:58:12.667+0000] {logging_mixin.py:188} WARNING - /home/***/.local/lib/python3.10/site-packages/***/utils/email.py:154 RemovedInAirflow3Warning: Fetching SMTP credentials from configuration variables will be deprecated in a future release. Please set credentials using a connection instead.
[2026-02-08T10:58:12.667+0000] {email.py:270} INFO - Email alerting: attempt 1
[2026-02-08T10:58:15.098+0000] {email.py:270} INFO - Email alerting: attempt 1
[2026-02-08T10:58:17.778+0000] {taskinstance.py:826} ERROR - Failed to send email to: ['edison@inkomoko.com']
Traceback (most recent call last):
  File "/home/airflow/.local/lib/python3.10/site-packages/airflow/models/taskinstance.py", line 2334, in _run_raw_task
    self._execute_task_with_callbacks(context, test_mode, session=session)
  File "/home/airflow/.local/lib/python3.10/site-packages/airflow/models/taskinstance.py", line 2499, in _execute_task_with_callbacks
    result = self._execute_task(context, task_orig)
  File "/home/airflow/.local/lib/python3.10/site-packages/airflow/models/taskinstance.py", line 2516, in _execute_task
    return _execute_task(self, context, task_orig)
  File "/home/airflow/.local/lib/python3.10/site-packages/airflow/models/taskinstance.py", line 433, in _execute_task
    result = execute_callable(context=context, **execute_callable_kwargs)
  File "/home/airflow/.local/lib/python3.10/site-packages/airflow/decorators/base.py", line 241, in execute
    return_value = super().execute(context)
  File "/home/airflow/.local/lib/python3.10/site-packages/airflow/operators/python.py", line 199, in execute
    return_value = self.execute_callable()
  File "/home/airflow/.local/lib/python3.10/site-packages/airflow/operators/python.py", line 216, in execute_callable
    return self.python_callable(*self.op_args, **self.op_kwargs)
  File "/opt/airflow/dags/sportify_pipeline_dag.py", line 196, in prepare_staging_data
    transformed_artists_data, transformed_albums_data, transformed_tracks_data = transform_tracks_data(
  File "/opt/airflow/dags/include/transformation/prepare_spotify_data.py", line 13, in transform_tracks_data
    validation_result = validate_source_data(data)
TypeError: validate_source_data() missing 1 required positional argument: 'object_key'

During handling of the above exception, another exception occurred:

Traceback (most recent call last):
  File "/home/airflow/.local/lib/python3.10/site-packages/airflow/models/taskinstance.py", line 1000, in _email_alert
    send_email(task.email, subject, html_content)
  File "/home/airflow/.local/lib/python3.10/site-packages/airflow/utils/email.py", line 80, in send_email
    return backend(
  File "/home/airflow/.local/lib/python3.10/site-packages/airflow/utils/email.py", line 154, in send_email_smtp
    send_mime_email(e_from=mail_from, e_to=recipients, mime_msg=msg, conn_id=conn_id, dryrun=dryrun)
  File "/home/airflow/.local/lib/python3.10/site-packages/airflow/utils/email.py", line 280, in send_mime_email
    smtp_conn.login(smtp_user, smtp_password)
  File "/usr/local/lib/python3.10/smtplib.py", line 750, in login
    raise last_exception
  File "/usr/local/lib/python3.10/smtplib.py", line 739, in login
    (code, resp) = self.auth(
  File "/usr/local/lib/python3.10/smtplib.py", line 662, in auth
    raise SMTPAuthenticationError(code, resp)
smtplib.SMTPAuthenticationError: (535, b'5.7.8 Username and Password not accepted. For more information, go to\n5.7.8  https://support.google.com/mail/?p=BadCredentials 5b1f17b1804b1-483203d5ef7sm94212825e9.1 - gsmtp')

During handling of the above exception, another exception occurred:

Traceback (most recent call last):
  File "/home/airflow/.local/lib/python3.10/site-packages/airflow/models/taskinstance.py", line 824, in _handle_failure
    task_instance.email_alert(error, failure_context["task"])
  File "/home/airflow/.local/lib/python3.10/site-packages/airflow/models/taskinstance.py", line 2946, in email_alert
    _email_alert(task_instance=self, exception=exception, task=task)
  File "/home/airflow/.local/lib/python3.10/site-packages/airflow/models/taskinstance.py", line 1002, in _email_alert
    send_email(task.email, subject, html_content_err)
  File "/home/airflow/.local/lib/python3.10/site-packages/airflow/utils/email.py", line 80, in send_email
    return backend(
  File "/home/airflow/.local/lib/python3.10/site-packages/airflow/utils/email.py", line 154, in send_email_smtp
    send_mime_email(e_from=mail_from, e_to=recipients, mime_msg=msg, conn_id=conn_id, dryrun=dryrun)
  File "/home/airflow/.local/lib/python3.10/site-packages/airflow/utils/email.py", line 280, in send_mime_email
    smtp_conn.login(smtp_user, smtp_password)
  File "/usr/local/lib/python3.10/smtplib.py", line 750, in login
    raise last_exception
  File "/usr/local/lib/python3.10/smtplib.py", line 739, in login
    (code, resp) = self.auth(
  File "/usr/local/lib/python3.10/smtplib.py", line 662, in auth
    raise SMTPAuthenticationError(code, resp)
smtplib.SMTPAuthenticationError: (535, b'5.7.8 Username and Password not accepted. For more information, go to\n5.7.8  https://support.google.com/mail/?p=BadCredentials 5b1f17b1804b1-48317d8342dsm220508555e9.12 - gsmtp')
[2026-02-08T10:58:17.795+0000] {standard_task_runner.py:107} ERROR - Failed to execute job 290 for task prepare_staging_data (validate_source_data() missing 1 required positional argument: 'object_key'; 2595)
[2026-02-08T10:58:17.846+0000] {local_task_job_runner.py:234} INFO - Task exited with return code 1
[2026-02-08T10:58:17.863+0000] {taskinstance.py:3280} INFO - 0 downstream tasks scheduled from follow-on schedule check
