[2026-02-08T08:35:10.472+0000] {taskinstance.py:1956} INFO - Dependencies all met for dep_context=non-requeueable deps ti=<TaskInstance: airflow_dbt_spotify_pipeline.branch_dbt_test_raw manual__2026-02-08T08:34:53.735604+00:00 [queued]>
[2026-02-08T08:35:10.476+0000] {taskinstance.py:1956} INFO - Dependencies all met for dep_context=requeueable deps ti=<TaskInstance: airflow_dbt_spotify_pipeline.branch_dbt_test_raw manual__2026-02-08T08:34:53.735604+00:00 [queued]>
[2026-02-08T08:35:10.477+0000] {taskinstance.py:2170} INFO - Starting attempt 1 of 1
[2026-02-08T08:35:10.483+0000] {taskinstance.py:2191} INFO - Executing <Task(BranchPythonOperator): branch_dbt_test_raw> on 2026-02-08 08:34:53.735604+00:00
[2026-02-08T08:35:10.486+0000] {standard_task_runner.py:60} INFO - Started process 3542 to run task
[2026-02-08T08:35:10.488+0000] {standard_task_runner.py:87} INFO - Running: ['***', 'tasks', 'run', '***_dbt_spotify_pipeline', 'branch_dbt_test_raw', 'manual__2026-02-08T08:34:53.735604+00:00', '--job-id', '138', '--raw', '--subdir', 'DAGS_FOLDER/sportify_pipeline_dag.py', '--cfg-path', '/tmp/tmpiplcj4fm']
[2026-02-08T08:35:10.489+0000] {standard_task_runner.py:88} INFO - Job 138: Subtask branch_dbt_test_raw
[2026-02-08T08:35:10.511+0000] {task_command.py:423} INFO - Running <TaskInstance: airflow_dbt_spotify_pipeline.branch_dbt_test_raw manual__2026-02-08T08:34:53.735604+00:00 [running]> on host 359fb843449d
[2026-02-08T08:35:10.543+0000] {taskinstance.py:2480} INFO - Exporting env vars: AIRFLOW_CTX_DAG_OWNER='***' AIRFLOW_CTX_DAG_ID='***_dbt_spotify_pipeline' AIRFLOW_CTX_TASK_ID='branch_dbt_test_raw' AIRFLOW_CTX_EXECUTION_DATE='2026-02-08T08:34:53.735604+00:00' AIRFLOW_CTX_TRY_NUMBER='1' AIRFLOW_CTX_DAG_RUN_ID='manual__2026-02-08T08:34:53.735604+00:00'
[2026-02-08T08:35:10.544+0000] {python.py:201} INFO - Done. Returned value was: dbt_test_raw
[2026-02-08T08:35:10.544+0000] {branch.py:35} INFO - Branch into dbt_test_raw
[2026-02-08T08:35:10.544+0000] {skipmixin.py:178} INFO - Following branch dbt_test_raw
[2026-02-08T08:35:10.548+0000] {taskinstance.py:2698} ERROR - Task failed with exception
Traceback (most recent call last):
  File "/home/airflow/.local/lib/python3.10/site-packages/airflow/models/taskinstance.py", line 433, in _execute_task
    result = execute_callable(context=context, **execute_callable_kwargs)
  File "/home/airflow/.local/lib/python3.10/site-packages/airflow/operators/python.py", line 233, in execute
    return self.do_branch(context, super().execute(context))
  File "/home/airflow/.local/lib/python3.10/site-packages/airflow/operators/branch.py", line 36, in do_branch
    self.skip_all_except(context["ti"], branches_to_execute)
  File "/home/airflow/.local/lib/python3.10/site-packages/airflow/models/skipmixin.py", line 213, in skip_all_except
    raise AirflowException(
airflow.exceptions.AirflowException: 'branch_task_ids' must contain only valid task_ids. Invalid tasks found: {'dbt_test_raw'}.
[2026-02-08T08:35:10.551+0000] {taskinstance.py:1138} INFO - Marking task as FAILED. dag_id=***_dbt_spotify_pipeline, task_id=branch_dbt_test_raw, execution_date=20260208T083453, start_date=20260208T083510, end_date=20260208T083510
[2026-02-08T08:35:10.556+0000] {standard_task_runner.py:107} ERROR - Failed to execute job 138 for task branch_dbt_test_raw ('branch_task_ids' must contain only valid task_ids. Invalid tasks found: {'dbt_test_raw'}.; 3542)
[2026-02-08T08:35:10.581+0000] {local_task_job_runner.py:234} INFO - Task exited with return code 1
[2026-02-08T08:35:10.595+0000] {taskinstance.py:3280} INFO - 0 downstream tasks scheduled from follow-on schedule check
