[2026-02-08T08:51:20.015+0000] {taskinstance.py:1956} INFO - Dependencies all met for dep_context=non-requeueable deps ti=<TaskInstance: airflow_dbt_spotify_pipeline.modelling manual__2026-02-08T08:51:09.498127+00:00 [queued]>
[2026-02-08T08:51:20.020+0000] {taskinstance.py:1956} INFO - Dependencies all met for dep_context=requeueable deps ti=<TaskInstance: airflow_dbt_spotify_pipeline.modelling manual__2026-02-08T08:51:09.498127+00:00 [queued]>
[2026-02-08T08:51:20.020+0000] {taskinstance.py:2170} INFO - Starting attempt 1 of 1
[2026-02-08T08:51:20.026+0000] {taskinstance.py:2191} INFO - Executing <Task(BashOperator): modelling> on 2026-02-08 08:51:09.498127+00:00
[2026-02-08T08:51:20.029+0000] {standard_task_runner.py:60} INFO - Started process 4164 to run task
[2026-02-08T08:51:20.032+0000] {standard_task_runner.py:87} INFO - Running: ['***', 'tasks', 'run', '***_dbt_spotify_pipeline', 'modelling', 'manual__2026-02-08T08:51:09.498127+00:00', '--job-id', '160', '--raw', '--subdir', 'DAGS_FOLDER/sportify_pipeline_dag.py', '--cfg-path', '/tmp/tmpgfe50nx1']
[2026-02-08T08:51:20.033+0000] {standard_task_runner.py:88} INFO - Job 160: Subtask modelling
[2026-02-08T08:51:20.072+0000] {task_command.py:423} INFO - Running <TaskInstance: airflow_dbt_spotify_pipeline.modelling manual__2026-02-08T08:51:09.498127+00:00 [running]> on host 359fb843449d
[2026-02-08T08:51:20.119+0000] {taskinstance.py:2480} INFO - Exporting env vars: AIRFLOW_CTX_DAG_OWNER='***' AIRFLOW_CTX_DAG_ID='***_dbt_spotify_pipeline' AIRFLOW_CTX_TASK_ID='modelling' AIRFLOW_CTX_EXECUTION_DATE='2026-02-08T08:51:09.498127+00:00' AIRFLOW_CTX_TRY_NUMBER='1' AIRFLOW_CTX_DAG_RUN_ID='manual__2026-02-08T08:51:09.498127+00:00'
[2026-02-08T08:51:20.121+0000] {subprocess.py:63} INFO - Tmp dir root location: /tmp
[2026-02-08T08:51:20.121+0000] {subprocess.py:75} INFO - Running command: ['/usr/bin/bash', '-c', 'dbt deps && dbt run --select path:models --target dev']
[2026-02-08T08:51:20.128+0000] {subprocess.py:86} INFO - Output:
[2026-02-08T08:51:20.979+0000] {subprocess.py:93} INFO - [0m08:51:20  Running with dbt=1.11.3
[2026-02-08T08:51:21.411+0000] {subprocess.py:93} INFO - [0m08:51:21  Installing dbt-labs/dbt_utils
[2026-02-08T08:51:22.531+0000] {subprocess.py:93} INFO - [0m08:51:22  Installed from version 1.1.1
[2026-02-08T08:51:22.532+0000] {subprocess.py:93} INFO - [0m08:51:22  Updated version available: 1.3.3
[2026-02-08T08:51:22.533+0000] {subprocess.py:93} INFO - [0m08:51:22
[2026-02-08T08:51:22.533+0000] {subprocess.py:93} INFO - [0m08:51:22  Updates available for packages: ['dbt-labs/dbt_utils']
[2026-02-08T08:51:22.533+0000] {subprocess.py:93} INFO - Update your versions in packages.yml, then run dbt deps
[2026-02-08T08:51:24.811+0000] {subprocess.py:93} INFO - [0m08:51:24  Running with dbt=1.11.3
[2026-02-08T08:51:24.814+0000] {subprocess.py:93} INFO - [0m08:51:24  Encountered an error:
[2026-02-08T08:51:24.814+0000] {subprocess.py:93} INFO - Runtime Error
[2026-02-08T08:51:24.815+0000] {subprocess.py:93} INFO -   Could not find profile named 'spotify_dbt_data_pipeline'
[2026-02-08T08:51:26.003+0000] {subprocess.py:97} INFO - Command exited with return code 2
[2026-02-08T08:51:26.014+0000] {taskinstance.py:2698} ERROR - Task failed with exception
Traceback (most recent call last):
  File "/home/airflow/.local/lib/python3.10/site-packages/airflow/models/taskinstance.py", line 433, in _execute_task
    result = execute_callable(context=context, **execute_callable_kwargs)
  File "/home/airflow/.local/lib/python3.10/site-packages/airflow/operators/bash.py", line 212, in execute
    raise AirflowException(
airflow.exceptions.AirflowException: Bash command failed. The command returned a non-zero exit code 2.
[2026-02-08T08:51:26.018+0000] {taskinstance.py:1138} INFO - Marking task as FAILED. dag_id=***_dbt_spotify_pipeline, task_id=modelling, execution_date=20260208T085109, start_date=20260208T085120, end_date=20260208T085126
[2026-02-08T08:51:26.028+0000] {standard_task_runner.py:107} ERROR - Failed to execute job 160 for task modelling (Bash command failed. The command returned a non-zero exit code 2.; 4164)
[2026-02-08T08:51:26.035+0000] {local_task_job_runner.py:234} INFO - Task exited with return code 1
[2026-02-08T08:51:26.047+0000] {taskinstance.py:3280} INFO - 0 downstream tasks scheduled from follow-on schedule check
