[2026-02-08T09:00:59.811+0000] {taskinstance.py:1956} INFO - Dependencies all met for dep_context=non-requeueable deps ti=<TaskInstance: airflow_dbt_spotify_pipeline.dbt_test_staging_data manual__2026-02-08T09:00:52.735136+00:00 [queued]>
[2026-02-08T09:00:59.816+0000] {taskinstance.py:1956} INFO - Dependencies all met for dep_context=requeueable deps ti=<TaskInstance: airflow_dbt_spotify_pipeline.dbt_test_staging_data manual__2026-02-08T09:00:52.735136+00:00 [queued]>
[2026-02-08T09:00:59.817+0000] {taskinstance.py:2170} INFO - Starting attempt 1 of 1
[2026-02-08T09:00:59.824+0000] {taskinstance.py:2191} INFO - Executing <Task(BashOperator): dbt_test_staging_data> on 2026-02-08 09:00:52.735136+00:00
[2026-02-08T09:00:59.827+0000] {standard_task_runner.py:60} INFO - Started process 4705 to run task
[2026-02-08T09:00:59.830+0000] {standard_task_runner.py:87} INFO - Running: ['***', 'tasks', 'run', '***_dbt_spotify_pipeline', 'dbt_test_staging_data', 'manual__2026-02-08T09:00:52.735136+00:00', '--job-id', '193', '--raw', '--subdir', 'DAGS_FOLDER/sportify_pipeline_dag.py', '--cfg-path', '/tmp/tmpi1tj8t8i']
[2026-02-08T09:00:59.831+0000] {standard_task_runner.py:88} INFO - Job 193: Subtask dbt_test_staging_data
[2026-02-08T09:00:59.863+0000] {task_command.py:423} INFO - Running <TaskInstance: airflow_dbt_spotify_pipeline.dbt_test_staging_data manual__2026-02-08T09:00:52.735136+00:00 [running]> on host 359fb843449d
[2026-02-08T09:00:59.915+0000] {taskinstance.py:2480} INFO - Exporting env vars: AIRFLOW_CTX_DAG_OWNER='***' AIRFLOW_CTX_DAG_ID='***_dbt_spotify_pipeline' AIRFLOW_CTX_TASK_ID='dbt_test_staging_data' AIRFLOW_CTX_EXECUTION_DATE='2026-02-08T09:00:52.735136+00:00' AIRFLOW_CTX_TRY_NUMBER='1' AIRFLOW_CTX_DAG_RUN_ID='manual__2026-02-08T09:00:52.735136+00:00'
[2026-02-08T09:00:59.916+0000] {subprocess.py:63} INFO - Tmp dir root location: /tmp
[2026-02-08T09:00:59.917+0000] {subprocess.py:75} INFO - Running command: ['/usr/bin/bash', '-c', 'dbt test --select source:* --target dev']
[2026-02-08T09:00:59.924+0000] {subprocess.py:86} INFO - Output:
[2026-02-08T09:01:00.778+0000] {subprocess.py:93} INFO - [0m09:01:00  Running with dbt=1.11.3
[2026-02-08T09:01:00.780+0000] {subprocess.py:93} INFO - [0m09:01:00  Encountered an error:
[2026-02-08T09:01:00.780+0000] {subprocess.py:93} INFO - Runtime Error
[2026-02-08T09:01:00.781+0000] {subprocess.py:93} INFO -   Could not find profile named 'spotify_dbt_data_pipeline'
[2026-02-08T09:01:02.195+0000] {subprocess.py:97} INFO - Command exited with return code 2
[2026-02-08T09:01:02.202+0000] {taskinstance.py:2698} ERROR - Task failed with exception
Traceback (most recent call last):
  File "/home/airflow/.local/lib/python3.10/site-packages/airflow/models/taskinstance.py", line 433, in _execute_task
    result = execute_callable(context=context, **execute_callable_kwargs)
  File "/home/airflow/.local/lib/python3.10/site-packages/airflow/operators/bash.py", line 212, in execute
    raise AirflowException(
airflow.exceptions.AirflowException: Bash command failed. The command returned a non-zero exit code 2.
[2026-02-08T09:01:02.203+0000] {taskinstance.py:1138} INFO - Marking task as FAILED. dag_id=***_dbt_spotify_pipeline, task_id=dbt_test_staging_data, execution_date=20260208T090052, start_date=20260208T090059, end_date=20260208T090102
[2026-02-08T09:01:02.210+0000] {standard_task_runner.py:107} ERROR - Failed to execute job 193 for task dbt_test_staging_data (Bash command failed. The command returned a non-zero exit code 2.; 4705)
[2026-02-08T09:01:02.216+0000] {local_task_job_runner.py:234} INFO - Task exited with return code 1
[2026-02-08T09:01:02.228+0000] {taskinstance.py:3280} INFO - 0 downstream tasks scheduled from follow-on schedule check
