[2026-02-07T18:24:19.879+0000] {taskinstance.py:1956} INFO - Dependencies all met for dep_context=non-requeueable deps ti=<TaskInstance: airflow_dbt_spotify_pipeline.create_spotify_db_and_staging_tables manual__2026-02-07T18:24:14.184602+00:00 [queued]>
[2026-02-07T18:24:19.882+0000] {taskinstance.py:1956} INFO - Dependencies all met for dep_context=requeueable deps ti=<TaskInstance: airflow_dbt_spotify_pipeline.create_spotify_db_and_staging_tables manual__2026-02-07T18:24:14.184602+00:00 [queued]>
[2026-02-07T18:24:19.882+0000] {taskinstance.py:2170} INFO - Starting attempt 1 of 1
[2026-02-07T18:24:19.888+0000] {taskinstance.py:2191} INFO - Executing <Task(PostgresOperator): create_spotify_db_and_staging_tables> on 2026-02-07 18:24:14.184602+00:00
[2026-02-07T18:24:19.890+0000] {standard_task_runner.py:60} INFO - Started process 731 to run task
[2026-02-07T18:24:19.892+0000] {standard_task_runner.py:87} INFO - Running: ['***', 'tasks', 'run', '***_dbt_spotify_pipeline', 'create_spotify_db_and_staging_tables', 'manual__2026-02-07T18:24:14.184602+00:00', '--job-id', '49', '--raw', '--subdir', 'DAGS_FOLDER/sportify_pipeline_dag.py', '--cfg-path', '/tmp/tmpfel6xd51']
[2026-02-07T18:24:19.893+0000] {standard_task_runner.py:88} INFO - Job 49: Subtask create_spotify_db_and_staging_tables
[2026-02-07T18:24:19.914+0000] {task_command.py:423} INFO - Running <TaskInstance: airflow_dbt_spotify_pipeline.create_spotify_db_and_staging_tables manual__2026-02-07T18:24:14.184602+00:00 [running]> on host 778b8342bcc9
[2026-02-07T18:24:19.935+0000] {abstractoperator.py:707} ERROR - Exception rendering Jinja template for task 'create_spotify_db_and_staging_tables', field 'sql'. Template: '/opt/***/dags/include/create_database_schema.sql'
Traceback (most recent call last):
  File "/home/airflow/.local/lib/python3.10/site-packages/airflow/models/abstractoperator.py", line 699, in _do_render_template_fields
    rendered_content = self.render_template(
  File "/home/airflow/.local/lib/python3.10/site-packages/airflow/template/templater.py", line 171, in render_template
    template = jinja_env.get_template(value)
  File "/home/airflow/.local/lib/python3.10/site-packages/jinja2/environment.py", line 1010, in get_template
    return self._load_template(name, globals)
  File "/home/airflow/.local/lib/python3.10/site-packages/jinja2/environment.py", line 969, in _load_template
    template = self.loader.load(self, name, self.make_globals(globals))
  File "/home/airflow/.local/lib/python3.10/site-packages/jinja2/loaders.py", line 125, in load
    source, filename, uptodate = self.get_source(environment, name)
  File "/home/airflow/.local/lib/python3.10/site-packages/jinja2/loaders.py", line 204, in get_source
    raise TemplateNotFound(template)
jinja2.exceptions.TemplateNotFound: /opt/airflow/dags/include/create_database_schema.sql
[2026-02-07T18:24:19.937+0000] {taskinstance.py:2698} ERROR - Task failed with exception
Traceback (most recent call last):
  File "/home/airflow/.local/lib/python3.10/site-packages/airflow/models/taskinstance.py", line 2334, in _run_raw_task
    self._execute_task_with_callbacks(context, test_mode, session=session)
  File "/home/airflow/.local/lib/python3.10/site-packages/airflow/models/taskinstance.py", line 2465, in _execute_task_with_callbacks
    task_orig = self.render_templates(context=context)
  File "/home/airflow/.local/lib/python3.10/site-packages/airflow/models/taskinstance.py", line 2877, in render_templates
    original_task.render_template_fields(context)
  File "/home/airflow/.local/lib/python3.10/site-packages/airflow/models/baseoperator.py", line 1241, in render_template_fields
    self._do_render_template_fields(self, self.template_fields, context, jinja_env, set())
  File "/home/airflow/.local/lib/python3.10/site-packages/airflow/utils/session.py", line 79, in wrapper
    return func(*args, session=session, **kwargs)
  File "/home/airflow/.local/lib/python3.10/site-packages/airflow/models/abstractoperator.py", line 699, in _do_render_template_fields
    rendered_content = self.render_template(
  File "/home/airflow/.local/lib/python3.10/site-packages/airflow/template/templater.py", line 171, in render_template
    template = jinja_env.get_template(value)
  File "/home/airflow/.local/lib/python3.10/site-packages/jinja2/environment.py", line 1010, in get_template
    return self._load_template(name, globals)
  File "/home/airflow/.local/lib/python3.10/site-packages/jinja2/environment.py", line 969, in _load_template
    template = self.loader.load(self, name, self.make_globals(globals))
  File "/home/airflow/.local/lib/python3.10/site-packages/jinja2/loaders.py", line 125, in load
    source, filename, uptodate = self.get_source(environment, name)
  File "/home/airflow/.local/lib/python3.10/site-packages/jinja2/loaders.py", line 204, in get_source
    raise TemplateNotFound(template)
jinja2.exceptions.TemplateNotFound: /opt/airflow/dags/include/create_database_schema.sql
[2026-02-07T18:24:19.944+0000] {taskinstance.py:1138} INFO - Marking task as FAILED. dag_id=***_dbt_spotify_pipeline, task_id=create_spotify_db_and_staging_tables, execution_date=20260207T182414, start_date=20260207T182419, end_date=20260207T182419
[2026-02-07T18:24:19.948+0000] {standard_task_runner.py:107} ERROR - Failed to execute job 49 for task create_spotify_db_and_staging_tables (/opt/airflow/dags/include/create_database_schema.sql; 731)
[2026-02-07T18:24:19.985+0000] {local_task_job_runner.py:234} INFO - Task exited with return code 1
[2026-02-07T18:24:19.994+0000] {taskinstance.py:3280} INFO - 0 downstream tasks scheduled from follow-on schedule check
