[2026-02-08T08:40:01.781+0000] {taskinstance.py:1956} INFO - Dependencies all met for dep_context=non-requeueable deps ti=<TaskInstance: airflow_dbt_spotify_pipeline.modelling manual__2026-02-08T08:39:49.496809+00:00 [queued]>
[2026-02-08T08:40:01.785+0000] {taskinstance.py:1956} INFO - Dependencies all met for dep_context=requeueable deps ti=<TaskInstance: airflow_dbt_spotify_pipeline.modelling manual__2026-02-08T08:39:49.496809+00:00 [queued]>
[2026-02-08T08:40:01.785+0000] {taskinstance.py:2170} INFO - Starting attempt 1 of 1
[2026-02-08T08:40:01.791+0000] {taskinstance.py:2191} INFO - Executing <Task(BashOperator): modelling> on 2026-02-08 08:39:49.496809+00:00
[2026-02-08T08:40:01.793+0000] {standard_task_runner.py:60} INFO - Started process 3725 to run task
[2026-02-08T08:40:01.796+0000] {standard_task_runner.py:87} INFO - Running: ['***', 'tasks', 'run', '***_dbt_spotify_pipeline', 'modelling', 'manual__2026-02-08T08:39:49.496809+00:00', '--job-id', '146', '--raw', '--subdir', 'DAGS_FOLDER/sportify_pipeline_dag.py', '--cfg-path', '/tmp/tmp68lu2aqq']
[2026-02-08T08:40:01.797+0000] {standard_task_runner.py:88} INFO - Job 146: Subtask modelling
[2026-02-08T08:40:01.820+0000] {task_command.py:423} INFO - Running <TaskInstance: airflow_dbt_spotify_pipeline.modelling manual__2026-02-08T08:39:49.496809+00:00 [running]> on host 359fb843449d
[2026-02-08T08:40:01.854+0000] {taskinstance.py:2480} INFO - Exporting env vars: AIRFLOW_CTX_DAG_OWNER='***' AIRFLOW_CTX_DAG_ID='***_dbt_spotify_pipeline' AIRFLOW_CTX_TASK_ID='modelling' AIRFLOW_CTX_EXECUTION_DATE='2026-02-08T08:39:49.496809+00:00' AIRFLOW_CTX_TRY_NUMBER='1' AIRFLOW_CTX_DAG_RUN_ID='manual__2026-02-08T08:39:49.496809+00:00'
[2026-02-08T08:40:01.855+0000] {subprocess.py:63} INFO - Tmp dir root location: /tmp
[2026-02-08T08:40:01.855+0000] {subprocess.py:75} INFO - Running command: ['/usr/bin/bash', '-c', 'dbt deps && dbt run --select path:models --target dev']
[2026-02-08T08:40:01.860+0000] {subprocess.py:86} INFO - Output:
[2026-02-08T08:40:02.703+0000] {subprocess.py:93} INFO - [0m08:40:02  Running with dbt=1.11.3
[2026-02-08T08:40:03.669+0000] {subprocess.py:93} INFO - [0m08:40:03  Installing dbt-labs/dbt_utils
[2026-02-08T08:40:05.032+0000] {subprocess.py:93} INFO - [0m08:40:05  Installed from version 1.1.1
[2026-02-08T08:40:05.034+0000] {subprocess.py:93} INFO - [0m08:40:05  Updated version available: 1.3.3
[2026-02-08T08:40:05.037+0000] {subprocess.py:93} INFO - [0m08:40:05
[2026-02-08T08:40:05.039+0000] {subprocess.py:93} INFO - [0m08:40:05  Updates available for packages: ['dbt-labs/dbt_utils']
[2026-02-08T08:40:05.039+0000] {subprocess.py:93} INFO - Update your versions in packages.yml, then run dbt deps
[2026-02-08T08:40:07.010+0000] {subprocess.py:93} INFO - [0m08:40:07  Running with dbt=1.11.3
[2026-02-08T08:40:07.012+0000] {subprocess.py:93} INFO - [0m08:40:07  Encountered an error:
[2026-02-08T08:40:07.013+0000] {subprocess.py:93} INFO - Runtime Error
[2026-02-08T08:40:07.013+0000] {subprocess.py:93} INFO -   Could not find profile named 'spotify_dbt_data_pipeline'
[2026-02-08T08:40:08.083+0000] {subprocess.py:97} INFO - Command exited with return code 2
[2026-02-08T08:40:08.091+0000] {taskinstance.py:2698} ERROR - Task failed with exception
Traceback (most recent call last):
  File "/home/airflow/.local/lib/python3.10/site-packages/airflow/models/taskinstance.py", line 433, in _execute_task
    result = execute_callable(context=context, **execute_callable_kwargs)
  File "/home/airflow/.local/lib/python3.10/site-packages/airflow/operators/bash.py", line 212, in execute
    raise AirflowException(
airflow.exceptions.AirflowException: Bash command failed. The command returned a non-zero exit code 2.
[2026-02-08T08:40:08.092+0000] {taskinstance.py:1138} INFO - Marking task as FAILED. dag_id=***_dbt_spotify_pipeline, task_id=modelling, execution_date=20260208T083949, start_date=20260208T084001, end_date=20260208T084008
[2026-02-08T08:40:08.099+0000] {standard_task_runner.py:107} ERROR - Failed to execute job 146 for task modelling (Bash command failed. The command returned a non-zero exit code 2.; 3725)
[2026-02-08T08:40:08.104+0000] {local_task_job_runner.py:234} INFO - Task exited with return code 1
[2026-02-08T08:40:08.112+0000] {taskinstance.py:3280} INFO - 0 downstream tasks scheduled from follow-on schedule check
