[2026-02-08T08:35:10.803+0000] {taskinstance.py:1956} INFO - Dependencies all met for dep_context=non-requeueable deps ti=<TaskInstance: airflow_dbt_spotify_pipeline.modelling manual__2026-02-08T08:34:53.735604+00:00 [queued]>
[2026-02-08T08:35:10.806+0000] {taskinstance.py:1956} INFO - Dependencies all met for dep_context=requeueable deps ti=<TaskInstance: airflow_dbt_spotify_pipeline.modelling manual__2026-02-08T08:34:53.735604+00:00 [queued]>
[2026-02-08T08:35:10.806+0000] {taskinstance.py:2170} INFO - Starting attempt 1 of 1
[2026-02-08T08:35:10.812+0000] {taskinstance.py:2191} INFO - Executing <Task(BashOperator): modelling> on 2026-02-08 08:34:53.735604+00:00
[2026-02-08T08:35:10.814+0000] {standard_task_runner.py:60} INFO - Started process 3544 to run task
[2026-02-08T08:35:10.816+0000] {standard_task_runner.py:87} INFO - Running: ['***', 'tasks', 'run', '***_dbt_spotify_pipeline', 'modelling', 'manual__2026-02-08T08:34:53.735604+00:00', '--job-id', '139', '--raw', '--subdir', 'DAGS_FOLDER/sportify_pipeline_dag.py', '--cfg-path', '/tmp/tmpt9hg09fm']
[2026-02-08T08:35:10.817+0000] {standard_task_runner.py:88} INFO - Job 139: Subtask modelling
[2026-02-08T08:35:10.838+0000] {task_command.py:423} INFO - Running <TaskInstance: airflow_dbt_spotify_pipeline.modelling manual__2026-02-08T08:34:53.735604+00:00 [running]> on host 359fb843449d
[2026-02-08T08:35:10.869+0000] {taskinstance.py:2480} INFO - Exporting env vars: AIRFLOW_CTX_DAG_OWNER='***' AIRFLOW_CTX_DAG_ID='***_dbt_spotify_pipeline' AIRFLOW_CTX_TASK_ID='modelling' AIRFLOW_CTX_EXECUTION_DATE='2026-02-08T08:34:53.735604+00:00' AIRFLOW_CTX_TRY_NUMBER='1' AIRFLOW_CTX_DAG_RUN_ID='manual__2026-02-08T08:34:53.735604+00:00'
[2026-02-08T08:35:10.871+0000] {subprocess.py:63} INFO - Tmp dir root location: /tmp
[2026-02-08T08:35:10.871+0000] {subprocess.py:75} INFO - Running command: ['/usr/bin/bash', '-c', 'dbt deps && dbt run --select path:models --target dev']
[2026-02-08T08:35:10.875+0000] {subprocess.py:86} INFO - Output:
[2026-02-08T08:35:11.756+0000] {subprocess.py:93} INFO - [0m08:35:11  Running with dbt=1.11.3
[2026-02-08T08:35:13.076+0000] {subprocess.py:93} INFO - [0m08:35:13  Installing dbt-labs/dbt_utils
[2026-02-08T08:35:14.161+0000] {subprocess.py:93} INFO - [0m08:35:14  Installed from version 1.1.1
[2026-02-08T08:35:14.163+0000] {subprocess.py:93} INFO - [0m08:35:14  Updated version available: 1.3.3
[2026-02-08T08:35:14.166+0000] {subprocess.py:93} INFO - [0m08:35:14
[2026-02-08T08:35:14.167+0000] {subprocess.py:93} INFO - [0m08:35:14  Updates available for packages: ['dbt-labs/dbt_utils']
[2026-02-08T08:35:14.167+0000] {subprocess.py:93} INFO - Update your versions in packages.yml, then run dbt deps
[2026-02-08T08:35:16.357+0000] {subprocess.py:93} INFO - [0m08:35:16  Running with dbt=1.11.3
[2026-02-08T08:35:16.360+0000] {subprocess.py:93} INFO - [0m08:35:16  Encountered an error:
[2026-02-08T08:35:16.360+0000] {subprocess.py:93} INFO - Runtime Error
[2026-02-08T08:35:16.361+0000] {subprocess.py:93} INFO -   Could not find profile named 'spotify_dbt_data_pipeline'
[2026-02-08T08:35:22.650+0000] {subprocess.py:97} INFO - Command exited with return code 2
[2026-02-08T08:35:22.664+0000] {taskinstance.py:2698} ERROR - Task failed with exception
Traceback (most recent call last):
  File "/home/airflow/.local/lib/python3.10/site-packages/airflow/models/taskinstance.py", line 433, in _execute_task
    result = execute_callable(context=context, **execute_callable_kwargs)
  File "/home/airflow/.local/lib/python3.10/site-packages/airflow/operators/bash.py", line 212, in execute
    raise AirflowException(
airflow.exceptions.AirflowException: Bash command failed. The command returned a non-zero exit code 2.
[2026-02-08T08:35:22.667+0000] {taskinstance.py:1138} INFO - Marking task as FAILED. dag_id=***_dbt_spotify_pipeline, task_id=modelling, execution_date=20260208T083453, start_date=20260208T083510, end_date=20260208T083522
[2026-02-08T08:35:22.681+0000] {standard_task_runner.py:107} ERROR - Failed to execute job 139 for task modelling (Bash command failed. The command returned a non-zero exit code 2.; 3544)
[2026-02-08T08:35:22.725+0000] {local_task_job_runner.py:234} INFO - Task exited with return code 1
[2026-02-08T08:35:22.737+0000] {taskinstance.py:3280} INFO - 0 downstream tasks scheduled from follow-on schedule check
